Сборка начата 24.01.2016 3:12:34.
     1>Проект "C:\Users\Dmitry\Documents\Visual Studio 2013\Projects\Prata_S\test\test.vcxproj" в узле 2 (целевые объекты Build).
     1>ClCompile:
         D:\Mvs\VC\bin\CL.exe /c /AI"C:\Program Files (x86)\Reference Assemblies\Microsoft\Framework\.NETFramework\v4.0" /AI"C:\Program Files (x86)\Windows Kits\8.1\References\CommonConfiguration\Neutral" /Zi /clr:safe /nologo /W3 /WX- /Od /Oy- /D WIN32 /D _DEBUG /D _WINDLL /D _UNICODE /D UNICODE /EHa /MD /GS /fp:precise /Zc:wchar_t /Zc:forScope /Yu"stdafx.h" /Fp"Debug\DefaultTest.pch" /Fo"Debug\\" /Fd"Debug\vc120.pdb" /TP /FUD:\Mvs\Common7\IDE\PublicAssemblies\Microsoft.VisualStudio.QualityTools.UnitTestFramework.dll /FU"C:\Program Files (x86)\Reference Assemblies\Microsoft\Framework\.NETFramework\v4.0\mscorlib.dll" /FU"C:\Program Files (x86)\Reference Assemblies\Microsoft\Framework\.NETFramework\v4.0\System.Data.dll" /FU"C:\Program Files (x86)\Reference Assemblies\Microsoft\Framework\.NETFramework\v4.0\System.dll" /FU"C:\Program Files (x86)\Reference Assemblies\Microsoft\Framework\.NETFramework\v4.0\System.Xml.dll" /analyze- /errorReport:prompt /clr:nostdlib UnitTest.cpp
         UnitTest.cpp
     1>c:\users\dmitry\documents\visual studio 2013\projects\prata_s\test\tst.h(2): error C4959: не удается определить неуправляемый class "myclass" в /clr:safe, поскольку доступ к его членам выдает код, недоступный для проверки
     1>UnitTest.cpp(44): error C2143: синтаксическая ошибка: отсутствие ";" перед "."
     1>Сборка проекта "C:\Users\Dmitry\Documents\Visual Studio 2013\Projects\Prata_S\test\test.vcxproj" завершена (целевые объекты Build) с ошибкой.

Ошибка сборки.

Затраченное время: 00:00:00.91
